<?xml version="1.0" encoding="UTF-8"?>
<testng-results ignored="0" total="1" passed="1" failed="0" skipped="0">
  <reporter-output>
  </reporter-output>
  <suite started-at="2022-12-09T09:24:50 PST" name="Default suite" finished-at="2022-12-09T09:25:02 PST" duration-ms="11474">
    <groups>
    </groups>
    <test started-at="2022-12-09T09:24:50 PST" name="Default test" finished-at="2022-12-09T09:25:02 PST" duration-ms="11474">
      <class name="com.gcr.scripts.TC4">
        <test-method is-config="true" signature="generateReport()[pri:0, instance:com.gcr.scripts.TC4@59af0466]" started-at="2022-12-09T09:24:50 PST" name="generateReport" finished-at="2022-12-09T09:24:51 PST" duration-ms="352" status="PASS">
          <reporter-output>
          </reporter-output>
        </test-method> <!-- generateReport -->
        <test-method is-config="true" signature="beforeClass()[pri:0, instance:com.gcr.scripts.TC4@59af0466]" started-at="2022-12-09T09:24:51 PST" name="beforeClass" finished-at="2022-12-09T09:24:54 PST" duration-ms="2827" status="PASS">
          <reporter-output>
          </reporter-output>
        </test-method> <!-- beforeClass -->
        <test-method is-config="true" signature="methodName(java.lang.reflect.Method)[pri:0, instance:com.gcr.scripts.TC4@59af0466]" started-at="2022-12-09T09:24:54 PST" name="methodName" finished-at="2022-12-09T09:24:54 PST" duration-ms="9" status="PASS">
          <params>
            <param index="0">
              <value>
                <![CDATA[public void com.gcr.scripts.TC4.LoginLogout_WebShop() throws java.lang.Exception]]>
              </value>
            </param>
          </params>
          <reporter-output>
          </reporter-output>
        </test-method> <!-- methodName -->
        <test-method signature="LoginLogout_WebShop()[pri:0, instance:com.gcr.scripts.TC4@59af0466]" started-at="2022-12-09T09:24:54 PST" name="LoginLogout_WebShop" finished-at="2022-12-09T09:25:01 PST" duration-ms="7353" status="PASS">
          <reporter-output>
          </reporter-output>
        </test-method> <!-- LoginLogout_WebShop -->
        <test-method is-config="true" signature="afterClass()[pri:0, instance:com.gcr.scripts.TC4@59af0466]" started-at="2022-12-09T09:25:01 PST" name="afterClass" finished-at="2022-12-09T09:25:02 PST" duration-ms="898" status="PASS">
          <reporter-output>
          </reporter-output>
        </test-method> <!-- afterClass -->
      </class> <!-- com.gcr.scripts.TC4 -->
    </test> <!-- Default test -->
  </suite> <!-- Default suite -->
</testng-results>
