<?xml version="1.0" encoding="UTF-8"?>
<testng-results ignored="0" total="1" passed="1" failed="0" skipped="0">
  <reporter-output>
  </reporter-output>
  <suite started-at="2022-12-12T07:31:54 PST" name="Default suite" finished-at="2022-12-12T07:32:03 PST" duration-ms="9541">
    <groups>
    </groups>
    <test started-at="2022-12-12T07:31:54 PST" name="Default test" finished-at="2022-12-12T07:32:03 PST" duration-ms="9541">
      <class name="com.gcr.scripts.TC5">
        <test-method is-config="true" signature="generateReport()[pri:0, instance:com.gcr.scripts.TC5@59af0466]" started-at="2022-12-12T07:31:54 PST" name="generateReport" finished-at="2022-12-12T07:31:54 PST" duration-ms="232" status="PASS">
          <reporter-output>
          </reporter-output>
        </test-method> <!-- generateReport -->
        <test-method is-config="true" signature="beforeClass()[pri:0, instance:com.gcr.scripts.TC5@59af0466]" started-at="2022-12-12T07:31:54 PST" name="beforeClass" finished-at="2022-12-12T07:31:56 PST" duration-ms="1643" status="PASS">
          <reporter-output>
          </reporter-output>
        </test-method> <!-- beforeClass -->
        <test-method is-config="true" signature="methodName(java.lang.reflect.Method)[pri:0, instance:com.gcr.scripts.TC5@59af0466]" started-at="2022-12-12T07:31:56 PST" name="methodName" finished-at="2022-12-12T07:31:56 PST" duration-ms="10" status="PASS">
          <params>
            <param index="0">
              <value>
                <![CDATA[public void com.gcr.scripts.TC5.LoginLogout_WebShop() throws java.lang.Exception]]>
              </value>
            </param>
          </params>
          <reporter-output>
          </reporter-output>
        </test-method> <!-- methodName -->
        <test-method signature="LoginLogout_WebShop()[pri:0, instance:com.gcr.scripts.TC5@59af0466]" started-at="2022-12-12T07:31:56 PST" name="LoginLogout_WebShop" finished-at="2022-12-12T07:32:02 PST" duration-ms="6815" status="PASS">
          <reporter-output>
          </reporter-output>
        </test-method> <!-- LoginLogout_WebShop -->
        <test-method is-config="true" signature="afterClass()[pri:0, instance:com.gcr.scripts.TC5@59af0466]" started-at="2022-12-12T07:32:02 PST" name="afterClass" finished-at="2022-12-12T07:32:03 PST" duration-ms="810" status="PASS">
          <reporter-output>
          </reporter-output>
        </test-method> <!-- afterClass -->
      </class> <!-- com.gcr.scripts.TC5 -->
    </test> <!-- Default test -->
  </suite> <!-- Default suite -->
</testng-results>
